proguard-project.txt
# To enable ProGuard in your project, edit project.properties
# to define the proguard.config property as described in that file.
#
# Add project specific ProGuard rules here.
# By default, the flags in this file are appended to flags specified
# in ${sdk.dir}/tools/proguard/proguard-android.txt
# You can edit the include path and order by changing the ProGuard
# include property in project.properties.
#
# For more details, see
#   http://developer.android.com/guide/developing/tools/proguard.html

# Add any project specific keep options here:

# If your project uses WebView with JS, uncomment the following
# and specify the fully qualified class name to the JavaScript interface
# class:
#-keepclassmembers class fqcn.of.javascript.interface.for.webview {
#   public *;
#}
-optimizationpasses 5
-dontusemixedcaseclassnames
-dontskipnonpubliclibraryclasses
-dontpreverify
-ignorewarnings 
-verbose


-keepattributes Signature
-keep class * extends java.lang.annotation.Annotation { *; }
-keep class tenant.guardts.house.model.AddCardStatus
-keep class tenant.guardts.house.model.CompleteStatus
-keep class tenant.guardts.house.model.RentalDetail
-keep class tenant.guardts.house.model.RentRecord
-keep class tenant.guardts.house.model.ResetStatus
-keep class tenant.guardts.house.model.ServiceCharge
-keep class tenant.guardts.house.model.WalletPayment
-keep class tenant.guardts.house.model.WithdrawStatus
-keep class tenant.guardts.house.model.HouseInfoModel
-keep class tenant.guardts.house.model.ApplyForCheckOut
-keep class tenant.guardts.house.model.ConfirmCheckout
-keep class tenant.guardts.house.model.Evaluation
-keep class tenant.guardts.house.model.EvaluationItem
-keep class tenant.guardts.house.model.EvaluationResult
-keep class tenant.guardts.house.bean.Detail
-keep class com.google.** { *; }
 -keep class com.tencent.** { *;}  
-keep class com.baidu.** { *; }  
-keep class vi.com.gdi.bgl.android.**{*;}
-libraryjars libs/android-support-v4.jar
-libraryjars libs/android-support-v7-recyclerview.jar
-libraryjars libs/BaiduLBS_Android.jar
-libraryjars libs/FaceId5SDK_3.7.jar
-libraryjars libs/gson-2.2.4.jar
-libraryjars libs/httpclient-4.2.5.jar
-libraryjars libs/ksoap2-android-assembly-3.0.0-jar-with-dependencies.jar
-libraryjars libs/libammsdk.jar
-libraryjars libs/pinyin4android1.0.jar
-libraryjars libs/pinyin4j-2.5.0.jar
-libraryjars libs/universal-image-loader-1.9.3.jar
-libraryjars libs/wup-1.0.0.E-SNAPSHOT.jar
-libraryjars libs/Xg_sdk_v3.1_20170417_0946.jar
-libraryjars libs/armeabi/libBaiduMapSDK_base_v4_3_2.so
-libraryjars libs/armeabi/libBaiduMapSDK_map_v4_3_2.so
-libraryjars libs/armeabi/libfacial_action.so
-libraryjars libs/armeabi/liblocSDK7a.so
-libraryjars libs/armeabi/libtpnsSecurity.so
-libraryjars libs/armeabi/libxguardian.so
-libraryjars libs/armeabi-v7a/libBaiduMapSDK_base_v4_3_2.so
-libraryjars libs/armeabi-v7a/libBaiduMapSDK_map_v4_3_2.so
-libraryjars libs/armeabi-v7a/libfacial_action.so
-libraryjars libs/armeabi-v7a/liblocSDK7a.so
-libraryjars libs/armeabi-v7a/libtpnsSecurity.so
-libraryjars libs/armeabi-v7a/libxguardian.so
-keep public class * extends android.app.Fragment  
-keep public class * extends android.app.Activity
-keep public class * extends android.app.Application
-keep public class * extends android.app.Service 
-keep public class * extends android.content.BroadcastReceiver
-keep public class * extends android.content.ContentProvider
-keep public class * extends android.preference.Preference
-keep public class * extends android.support.v4.**


-keep class * implements java.io.Serializable
-keep class * implements java.io.Serializable {
static final long serialVersionUID;
private static final java.io.ObjectStreamField[] serialPersistentFields;
!static !transient <fields>;
private void writeObject(java.io.ObjectOutputStream);
private void readObject(java.io.ObjectInputStream);
java.lang.Object writeReplace();
java.lang.Object readResolve();
}

-keep class com.oliveapp.camerasdk.** {*;}
-keepattributes InnerClasses
-keep class **.R$* {*;}
-keep class com.oliveapp.face.** {*;}
 -keep class com.oliveapp.face.idcardcaptorsdk.** {*;}
 -keep class com.oliveapp.face.livenessdetectionviewsdk.** {*;}
-keep class org.xmlpull.**{*;}
-keep class com.gzt.faceid5sdk.LivenessDetectionActivity.**{*;}