proguard/seeds.txt
tenant.guardts.house.AboutUsActivity
tenant.guardts.house.AboutUsActivity: AboutUsActivity()
tenant.guardts.house.AddBankCardActivity
tenant.guardts.house.AddBankCardActivity: AddBankCardActivity()
tenant.guardts.house.AddHouseInfoActivity
tenant.guardts.house.AddHouseInfoActivity: AddHouseInfoActivity()
tenant.guardts.house.AddRentAttributeActivity
tenant.guardts.house.AddRentAttributeActivity: AddRentAttributeActivity()
tenant.guardts.house.AlbumActivity
tenant.guardts.house.AlbumActivity: AlbumActivity()
tenant.guardts.house.ApplyForCheckoutActivity
tenant.guardts.house.ApplyForCheckoutActivity: ApplyForCheckoutActivity()
tenant.guardts.house.BankActivity
tenant.guardts.house.BankActivity: BankActivity()
tenant.guardts.house.BaseActivity
tenant.guardts.house.BaseActivity: BaseActivity()
tenant.guardts.house.BaseActivity: void backFinish(android.view.View)
tenant.guardts.house.CaptureActivity
tenant.guardts.house.CaptureActivity: CaptureActivity()
tenant.guardts.house.DemoApplication
tenant.guardts.house.DemoApplication: DemoApplication()
tenant.guardts.house.DoorNumberLockFragment
tenant.guardts.house.DownloadAppActivity
tenant.guardts.house.DownloadAppActivity: DownloadAppActivity()
tenant.guardts.house.DownloadAppActivity$PackageInstallerReceiver
tenant.guardts.house.EvaluationActivity
tenant.guardts.house.EvaluationActivity: EvaluationActivity()
tenant.guardts.house.EvaluationDetailActivity
tenant.guardts.house.EvaluationDetailActivity: EvaluationDetailActivity()
tenant.guardts.house.GalleryActivity
tenant.guardts.house.GalleryActivity: GalleryActivity()
tenant.guardts.house.GetRentAttributeActivity
tenant.guardts.house.GetRentAttributeActivity: GetRentAttributeActivity()
tenant.guardts.house.HomeActivity
tenant.guardts.house.HomeActivity: HomeActivity()
tenant.guardts.house.HomeSearchActivity
tenant.guardts.house.HomeSearchActivity: HomeSearchActivity()
tenant.guardts.house.HouseDetailInfoActivity
tenant.guardts.house.HouseDetailInfoActivity: HouseDetailInfoActivity()
tenant.guardts.house.HouseOrderDetailsActivity
tenant.guardts.house.HouseOrderDetailsActivity: HouseOrderDetailsActivity()
tenant.guardts.house.LoadUrlTestActivity
tenant.guardts.house.LoadUrlTestActivity: LoadUrlTestActivity()
tenant.guardts.house.LocationDemo
tenant.guardts.house.LocationDemo: LocationDemo()
tenant.guardts.house.LoginUserActivity
tenant.guardts.house.LoginUserActivity: LoginUserActivity()
tenant.guardts.house.MapActivity
tenant.guardts.house.MapActivity: MapActivity()
tenant.guardts.house.MapRentHouseActivity
tenant.guardts.house.MapRentHouseActivity: MapRentHouseActivity()
tenant.guardts.house.MapSuggestSearchActivity
tenant.guardts.house.MapSuggestSearchActivity: MapSuggestSearchActivity()
tenant.guardts.house.ModifyPasswordActivity
tenant.guardts.house.ModifyPasswordActivity: ModifyPasswordActivity()
tenant.guardts.house.MoreSurroundActivity
tenant.guardts.house.MyHouseActivity
tenant.guardts.house.MyHouseActivity: MyHouseActivity()
tenant.guardts.house.MyHouseActivity: void click(android.view.View)
tenant.guardts.house.PaymentStatusActivity
tenant.guardts.house.PaymentStatusActivity: PaymentStatusActivity()
tenant.guardts.house.PersonalInfoActivity
tenant.guardts.house.PersonalInfoActivity: PersonalInfoActivity()
tenant.guardts.house.R$anim
tenant.guardts.house.R$anim: int activity_translate_in
tenant.guardts.house.R$anim: int activity_translate_out
tenant.guardts.house.R$anim: int anim_rotate
tenant.guardts.house.R$anim: int oliveapp_camera_count_down_exit
tenant.guardts.house.R$anim: int pophidden_anim
tenant.guardts.house.R$anim: int popshow_anim
tenant.guardts.house.R$anim: R$anim()
...
com.baidu.mapapi.map.offline.MKOfflineMap
com.baidu.mapapi.map.offline.MKOfflineMap: java.lang.String a
com.baidu.mapapi.map.offline.MKOfflineMap: int TYPE_NEW_OFFLINE
com.baidu.mapapi.map.offline.MKOfflineMap: int TYPE_DOWNLOAD_UPDATE
com.baidu.mapapi.map.offline.MKOfflineMap: int TYPE_NETWORK_ERROR
com.baidu.mapapi.map.offline.MKOfflineMap: int TYPE_VER_UPDATE
com.baidu.mapapi.map.offline.MKOfflineMap: com.baidu.platform.comapi.map.u b
com.baidu.mapapi.map.offline.MKOfflineMap: com.baidu.mapapi.map.offline.MKOfflineMapListener c
com.baidu.mapapi.map.offline.MKOfflineMap: MKOfflineMap()
com.baidu.mapapi.map.offline.MKOfflineMap: boolean init(com.baidu.mapapi.map.offline.MKOfflineMapListener)
com.baidu.mapapi.map.offline.MKOfflineMap: boolean start(int)
com.baidu.mapapi.map.offline.MKOfflineMap: boolean update(int)
com.baidu.mapapi.map.offline.MKOfflineMap: boolean pause(int)
com.baidu.mapapi.map.offline.MKOfflineMap: void destroy()
com.baidu.mapapi.map.offline.MKOfflineMap: boolean remove(int)
com.baidu.mapapi.map.offline.MKOfflineMap: java.util.ArrayList getHotCityList()
com.baidu.mapapi.map.offline.MKOfflineMap: java.util.ArrayList getOfflineCityList()
com.baidu.mapapi.map.offline.MKOfflineMap: java.util.ArrayList searchCity(java.lang.String)
com.baidu.mapapi.map.offline.MKOfflineMap: java.util.ArrayList getAllUpdateInfo()
com.baidu.mapapi.map.offline.MKOfflineMap: com.baidu.mapapi.map.offline.MKOLUpdateElement getUpdateInfo(int)
com.baidu.mapapi.map.offline.MKOfflineMapListener
com.baidu.mapapi.map.offline.MKOfflineMapListener: void onGetOfflineMapState(int,int)
com.baidu.mapapi.map.offline.OfflineMapUtil
com.baidu.mapapi.map.offline.OfflineMapUtil: OfflineMapUtil()
com.baidu.mapapi.map.offline.OfflineMapUtil: com.baidu.mapapi.map.offline.MKOLSearchRecord getSearchRecordFromLocalCityInfo(com.baidu.platform.comapi.map.t)
com.baidu.mapapi.map.offline.OfflineMapUtil: com.baidu.mapapi.map.offline.MKOLUpdateElement getUpdatElementFromLocalMapElement(com.baidu.platform.comapi.map.w)
com.baidu.mapapi.map.offline.a
com.baidu.mapapi.map.offline.a: com.baidu.mapapi.map.offline.MKOfflineMap a
com.baidu.mapapi.map.offline.a: a(com.baidu.mapapi.map.offline.MKOfflineMap)
com.baidu.mapapi.map.offline.a: void a(int,int)
com.baidu.mapapi.map.p
com.baidu.mapapi.map.p: com.baidu.mapapi.map.SwipeDismissView a
com.baidu.mapapi.map.p: p(com.baidu.mapapi.map.SwipeDismissView)
com.baidu.mapapi.map.p: boolean canDismiss(java.lang.Object)
com.baidu.mapapi.map.p: void onDismiss(android.view.View,java.lang.Object)
com.baidu.mapapi.map.p: void onNotify()
com.baidu.mapapi.map.q
com.baidu.mapapi.map.q: com.baidu.mapapi.map.TextureMapView a
com.baidu.mapapi.map.q: q(com.baidu.mapapi.map.TextureMapView)
com.baidu.mapapi.map.q: void a()
com.baidu.mapapi.map.q: void a(com.baidu.mapapi.model.inner.GeoPoint)
com.baidu.mapapi.map.q: void b(com.baidu.mapapi.model.inner.GeoPoint)
com.baidu.mapapi.map.q: void c(com.baidu.mapapi.model.inner.GeoPoint)
com.baidu.mapapi.map.q: void b()
com.baidu.mapapi.map.q: void c()
com.baidu.mapapi.map.q: void a(com.baidu.platform.comapi.map.ae)
com.baidu.mapapi.map.q: void b(com.baidu.platform.comapi.map.ae)
com.baidu.mapapi.map.q: void c(com.baidu.platform.comapi.map.ae)
com.baidu.mapapi.map.q: void a(android.graphics.Bitmap)
com.baidu.mapapi.map.q: void a(java.lang.String)
com.baidu.mapapi.map.q: void d(com.baidu.mapapi.model.inner.GeoPoint)
com.baidu.mapapi.map.q: void e(com.baidu.mapapi.model.inner.GeoPoint)
com.baidu.mapapi.map.q: boolean b(java.lang.String)
com.baidu.mapapi.map.q: void d()
com.baidu.mapapi.map.q: void a(javax.microedition.khronos.opengles.GL10,com.baidu.platform.comapi.map.ae)
com.baidu.mapapi.map.q: void e()
com.baidu.mapapi.map.q: void a(boolean)
com.baidu.mapapi.map.q: void f()
com.baidu.mapapi.map.q: void a(android.view.MotionEvent)