proguard/mapping.txt
tenant.guardts.house.AboutUsActivity -> tenant.guardts.house.AboutUsActivity:
    java.lang.String mUpdateAction -> a
    tenant.guardts.house.presenter.HoursePresenter mPresenter -> c
    int mVersionCode -> d
    android.os.Handler mHandler -> e
    void onCreate(android.os.Bundle) -> onCreate
    void checkVersionUpdate() -> a
    void parseUpdateVersion(java.lang.String) -> a
    void showUpdateVersionAlertDialog() -> b
    void onStatusSuccess(java.lang.String,java.lang.String) -> a
    void access$0(tenant.guardts.house.AboutUsActivity,java.lang.String) -> a
    void access$1(tenant.guardts.house.AboutUsActivity) -> a
    void access$2(tenant.guardts.house.AboutUsActivity) -> b
tenant.guardts.house.AboutUsActivity$1 -> tenant.guardts.house.a:
    tenant.guardts.house.AboutUsActivity this$0 -> a
    void handleMessage(android.os.Message) -> handleMessage
tenant.guardts.house.AboutUsActivity$2 -> tenant.guardts.house.b:
    tenant.guardts.house.AboutUsActivity this$0 -> a
    void onClick(android.view.View) -> onClick
tenant.guardts.house.AboutUsActivity$3 -> tenant.guardts.house.c:
    tenant.guardts.house.AboutUsActivity this$0 -> a
    void onClick(android.view.View) -> onClick
tenant.guardts.house.AboutUsActivity$4 -> tenant.guardts.house.d:
    tenant.guardts.house.AboutUsActivity this$0 -> a
    void onClick(android.content.DialogInterface,int) -> onClick
tenant.guardts.house.AddBankCardActivity -> tenant.guardts.house.AddBankCardActivity:
    android.widget.Button mNext -> c
    tenant.guardts.house.presenter.HoursePresenter mPresenter -> d
    java.lang.String mUpdateCreditCard -> e
    java.lang.String mGetUserInfoAction -> f
    android.widget.TextView mTitleBar -> g
    android.os.Handler mHandler -> a
    android.widget.EditText mBankCardName -> h
    android.widget.EditText mBankCardNum -> i
    android.widget.EditText mBankCardType -> j
    java.lang.String bankCardName -> k
    java.lang.String bankCardNum -> l
    java.lang.String bankCardType -> m
    java.lang.String idCard -> n
    void onCreate(android.os.Bundle) -> onCreate
    void initEvent() -> a
    void updateCreditCard(java.lang.String,java.lang.String,java.lang.String) -> a
    void initView() -> b
    boolean checkInputContent() -> c
    void onStatusSuccess(java.lang.String,java.lang.String) -> a
    void onStatusError(java.lang.String,java.lang.String) -> b
    java.lang.String access$0(tenant.guardts.house.AddBankCardActivity) -> a
    java.lang.String access$1(tenant.guardts.house.AddBankCardActivity) -> b
    boolean access$2(tenant.guardts.house.AddBankCardActivity) -> c
    void access$3(tenant.guardts.house.AddBankCardActivity,java.lang.String,java.lang.String,java.lang.String) -> a
tenant.guardts.house.AddBankCardActivity$1 -> tenant.guardts.house.e:
    tenant.guardts.house.AddBankCardActivity this$0 -> a
    void handleMessage(android.os.Message) -> handleMessage
tenant.guardts.house.AddBankCardActivity$2 -> tenant.guardts.house.f:
    tenant.guardts.house.AddBankCardActivity this$0 -> a
    void onClick(android.view.View) -> onClick
...
com.google.zxing.multi.qrcode.detector.MultiDetector -> com.google.zxing.multi.qrcode.detector.MultiDetector:
    com.google.zxing.common.DetectorResult[] EMPTY_DETECTOR_RESULTS -> EMPTY_DETECTOR_RESULTS
    com.google.zxing.common.DetectorResult[] detectMulti(java.util.Hashtable) -> detectMulti
com.google.zxing.multi.qrcode.detector.MultiFinderPatternFinder -> com.google.zxing.multi.qrcode.detector.MultiFinderPatternFinder:
    com.google.zxing.qrcode.detector.FinderPatternInfo[] EMPTY_RESULT_ARRAY -> EMPTY_RESULT_ARRAY
    float MAX_MODULE_COUNT_PER_EDGE -> MAX_MODULE_COUNT_PER_EDGE
    float MIN_MODULE_COUNT_PER_EDGE -> MIN_MODULE_COUNT_PER_EDGE
    float DIFF_MODSIZE_CUTOFF_PERCENT -> DIFF_MODSIZE_CUTOFF_PERCENT
    float DIFF_MODSIZE_CUTOFF -> DIFF_MODSIZE_CUTOFF
    com.google.zxing.qrcode.detector.FinderPattern[][] selectBestPatterns() -> selectBestPatterns
    com.google.zxing.qrcode.detector.FinderPatternInfo[] findMulti(java.util.Hashtable) -> findMulti
com.google.zxing.multi.qrcode.detector.MultiFinderPatternFinder$1 -> com.google.zxing.multi.qrcode.detector.MultiFinderPatternFinder$1:
com.google.zxing.multi.qrcode.detector.MultiFinderPatternFinder$ModuleSizeComparator -> com.google.zxing.multi.qrcode.detector.MultiFinderPatternFinder$ModuleSizeComparator:
    int compare(java.lang.Object,java.lang.Object) -> compare
com.google.zxing.oned.CodaBarReader -> com.google.zxing.oned.CodaBarReader:
    java.lang.String ALPHABET_STRING -> ALPHABET_STRING
    char[] ALPHABET -> ALPHABET
    int[] CHARACTER_ENCODINGS -> CHARACTER_ENCODINGS
    int minCharacterLength -> minCharacterLength
    char[] STARTEND_ENCODING -> STARTEND_ENCODING
    com.google.zxing.Result decodeRow(int,com.google.zxing.common.BitArray,java.util.Hashtable) -> decodeRow
    int[] findAsteriskPattern(com.google.zxing.common.BitArray) -> findAsteriskPattern
    boolean arrayContains(char[],char) -> arrayContains
    char toNarrowWidePattern(int[]) -> toNarrowWidePattern
com.google.zxing.oned.Code128Reader -> com.google.zxing.oned.Code128Reader:
    int[][] CODE_PATTERNS -> CODE_PATTERNS
    int MAX_AVG_VARIANCE -> MAX_AVG_VARIANCE
    int MAX_INDIVIDUAL_VARIANCE -> MAX_INDIVIDUAL_VARIANCE
    int CODE_SHIFT -> CODE_SHIFT
    int CODE_CODE_C -> CODE_CODE_C
    int CODE_CODE_B -> CODE_CODE_B
    int CODE_CODE_A -> CODE_CODE_A
    int CODE_FNC_1 -> CODE_FNC_1
    int CODE_FNC_2 -> CODE_FNC_2
    int CODE_FNC_3 -> CODE_FNC_3
    int CODE_FNC_4_A -> CODE_FNC_4_A
    int CODE_FNC_4_B -> CODE_FNC_4_B
    int CODE_START_A -> CODE_START_A
    int CODE_START_B -> CODE_START_B
    int CODE_START_C -> CODE_START_C
    int CODE_STOP -> CODE_STOP
    int[] findStartPattern(com.google.zxing.common.BitArray) -> findStartPattern
    int decodeCode(com.google.zxing.common.BitArray,int[],int) -> decodeCode
    com.google.zxing.Result decodeRow(int,com.google.zxing.common.BitArray,java.util.Hashtable) -> decodeRow
com.google.zxing.oned.Code128Writer -> com.google.zxing.oned.Code128Writer:
    com.google.zxing.common.BitMatrix encode(java.lang.String,com.google.zxing.BarcodeFormat,int,int,java.util.Hashtable) -> encode
    byte[] encode(java.lang.String) -> encode
com.google.zxing.oned.Code39Reader -> com.google.zxing.oned.Code39Reader:
    java.lang.String ALPHABET_STRING -> ALPHABET_STRING
    char[] ALPHABET -> ALPHABET
    int[] CHARACTER_ENCODINGS -> CHARACTER_ENCODINGS
    int ASTERISK_ENCODING -> ASTERISK_ENCODING
    boolean usingCheckDigit -> usingCheckDigit
    boolean extendedMode -> extendedMode
    com.google.zxing.Result decodeRow(int,com.google.zxing.common.BitArray,java.util.Hashtable) -> decodeRow
    int[] findAsteriskPattern(com.google.zxing.common.BitArray) -> findAsteriskPattern
    int toNarrowWidePattern(int[]) -> toNarrowWidePattern
    char patternToChar(int) -> patternToChar
    java.lang.String decodeExtended(java.lang.StringBuffer) -> decodeExtended