proguard/usage.txt
tenant.guardts.house.AboutUsActivity:
    private java.lang.String mVersinName
tenant.guardts.house.AddBankCardActivity:
    private java.lang.String cardNo
    private java.lang.String bankName
tenant.guardts.house.AddHouseInfoActivity:
    private android.widget.TextView mStrictTextView
    private android.widget.TextView mHouseTypeTextView
    private java.lang.String mRHouseP
tenant.guardts.house.AddRentAttributeActivity:
    133:139:private void getPayRateDesc(java.lang.String)
    771:802:private void startHttpService()
    978:1001:private void getIndentifyInfo(java.lang.String)
    1004:1030:private void getQueryStatusInfo(java.lang.String)
tenant.guardts.house.AddRentAttributeActivity$IdentifyModel
tenant.guardts.house.AlbumActivity$BackListener
tenant.guardts.house.AlbumActivity$CancelListener
tenant.guardts.house.AlbumActivity$PreviewListener
tenant.guardts.house.ApplyForCheckoutActivity:
    private java.lang.String mHouseNo
    private java.lang.String mUsername
    private java.lang.String mOriginTypeText
    private java.lang.String mOwnerName
    private java.lang.String mOwnerIdcard
    private java.lang.String mfilePath
    private android.os.HandlerThread myHandlerThread
    private android.os.Handler mSubHandler
    private android.widget.PopupWindow popupWindow
    private android.widget.TextView mRentReadMe
    private android.widget.TextView mRentOrderId
    private com.gzt.faceid5sdk.DetectionAuthentic authentic
    private tenant.guardts.house.bannerview.ViewFlow mViewFlow
    private tenant.guardts.house.bannerview.CircleFlowIndicator mFlowIndicator
    private android.widget.Button mDel
    private java.lang.String flag
    201:237:private void showPublicAttributeDialog()
    428:433:private void setDeleteHouseInfo(java.lang.String)
    437:449:private void initDialog()
    458:468:private void showAlertDialog(android.widget.TextView,java.lang.String[])
    490:495:private void getHouseDetailInfoByHouseId(java.lang.String)
    499:504:private void getHouseDetailImageListByHouseId(java.lang.String)
    85:85:static synthetic tenant.guardts.house.model.HouseInfoModel access$11(tenant.guardts.house.ApplyForCheckoutActivity)
    75:75:static synthetic java.lang.String access$12(tenant.guardts.house.ApplyForCheckoutActivity)
tenant.guardts.house.ApplyForCheckoutActivity$15
tenant.guardts.house.ApplyForCheckoutActivity$16
tenant.guardts.house.ApplyForCheckoutActivity$6
tenant.guardts.house.ApplyForCheckoutActivity$7
tenant.guardts.house.BankActivity:
    private java.lang.String cardNo
    private java.lang.String bankName
    private android.widget.Button btnAdd
tenant.guardts.house.BuildConfig
tenant.guardts.house.CaptureActivity:
    private tenant.guardts.house.decoding.CaptureActivityHandler handler
    private boolean hasSurface
    private java.util.Vector decodeFormats
    private java.lang.String characterSet
    private tenant.guardts.house.decoding.InactivityTimer inactivityTimer
    private android.media.MediaPlayer mediaPlayer
    private boolean playBeep
    private static final float BEEP_VOLUME
    private boolean vibrate
    private android.widget.Button cancelScanButton
    private static final long VIBRATE_DURATION
    private android.widget.CheckBox mNumberButton
    private android.widget.CheckBox lighting
    private android.hardware.Camera mCamera
    private android.hardware.Camera$Parameters mParameters
    150:150:public boolean getFlashLightStatus()
    154:158:private boolean checkFlashlight()
tenant.guardts.house.City
tenant.guardts.house.DemoApplication:
    private static android.app.Activity sActivity
tenant.guardts.house.DoorNumberLockFragment:
    private tenant.guardts.house.presenter.HoursePresenter mPresenter
    private int mVersionCode
    private java.lang.String mVersinName
    private android.hardware.Camera camera
    private android.widget.FrameLayout mOpenFlashButton
...
com.hp.hpl.sparta.Document
com.hp.hpl.sparta.Document$Index
com.hp.hpl.sparta.Document$Observer
com.hp.hpl.sparta.DocumentSource
com.hp.hpl.sparta.Element
com.hp.hpl.sparta.EmptyEnumeration
com.hp.hpl.sparta.EncodingMismatchException:
    EncodingMismatchException(java.lang.String,java.lang.String,java.lang.String)
    java.lang.String getDeclaredEncoding()
com.hp.hpl.sparta.Node
com.hp.hpl.sparta.Node$1
com.hp.hpl.sparta.NodeListWithPosition
com.hp.hpl.sparta.ParseByteStream
com.hp.hpl.sparta.ParseCharStream
com.hp.hpl.sparta.ParseException:
    public ParseException(java.lang.String)
    public ParseException(java.lang.String,java.lang.Throwable)
    public ParseException(java.lang.String,int,int,java.lang.String,java.lang.String)
    public ParseException(com.hp.hpl.sparta.ParseLog,java.lang.String,int,int,java.lang.String,java.lang.String)
    public ParseException(com.hp.hpl.sparta.ParseCharStream,java.lang.String)
    public ParseException(com.hp.hpl.sparta.ParseCharStream,char,char)
    public ParseException(com.hp.hpl.sparta.ParseCharStream,char,char[])
    public ParseException(com.hp.hpl.sparta.ParseCharStream,char,java.lang.String)
    public ParseException(com.hp.hpl.sparta.ParseCharStream,java.lang.String,java.lang.String)
    private static java.lang.String toString(char[])
    public ParseException(com.hp.hpl.sparta.ParseCharStream,java.lang.String,char[])
    public int getLineNumber()
    private static java.lang.String toMessage(java.lang.String,int,int,java.lang.String,java.lang.String)
    static java.lang.String charRepr(int)
com.hp.hpl.sparta.ParseHandler
com.hp.hpl.sparta.ParseLog
com.hp.hpl.sparta.ParseSource
com.hp.hpl.sparta.Parser
com.hp.hpl.sparta.Sparta:
    public Sparta()
    public static java.lang.String intern(java.lang.String)
    public static void setInternment(com.hp.hpl.sparta.Sparta$Internment)
    static com.hp.hpl.sparta.Sparta$Cache newCache()
    public static void setCacheFactory(com.hp.hpl.sparta.Sparta$CacheFactory)
com.hp.hpl.sparta.Sparta$1:
    public java.lang.String intern(java.lang.String)
com.hp.hpl.sparta.Sparta$2:
    public com.hp.hpl.sparta.Sparta$Cache create()
com.hp.hpl.sparta.Sparta$Cache
com.hp.hpl.sparta.Sparta$CacheFactory:
    public abstract com.hp.hpl.sparta.Sparta$Cache create()
com.hp.hpl.sparta.Sparta$HashtableCache:
    Sparta$HashtableCache(com.hp.hpl.sparta.Sparta$1)
com.hp.hpl.sparta.Sparta$Internment:
    public abstract java.lang.String intern(java.lang.String)
com.hp.hpl.sparta.Text
com.hp.hpl.sparta.XPathVisitor
com.hp.hpl.sparta.XPathVisitor$1
com.hp.hpl.sparta.XPathVisitor$BooleanStack
com.hp.hpl.sparta.XPathVisitor$BooleanStack$Item
com.hp.hpl.sparta.xpath.AllElementTest
com.hp.hpl.sparta.xpath.AttrCompareExpr
com.hp.hpl.sparta.xpath.AttrEqualsExpr
com.hp.hpl.sparta.xpath.AttrExistsExpr
com.hp.hpl.sparta.xpath.AttrExpr
com.hp.hpl.sparta.xpath.AttrGreaterExpr
com.hp.hpl.sparta.xpath.AttrLessExpr
com.hp.hpl.sparta.xpath.AttrNotEqualsExpr
com.hp.hpl.sparta.xpath.AttrRelationalExpr
com.hp.hpl.sparta.xpath.AttrTest
com.hp.hpl.sparta.xpath.BooleanExpr
com.hp.hpl.sparta.xpath.BooleanExprVisitor
com.hp.hpl.sparta.xpath.ElementTest
com.hp.hpl.sparta.xpath.ExprFactory
com.hp.hpl.sparta.xpath.NodeTest
com.hp.hpl.sparta.xpath.NodeTestVisitor
com.hp.hpl.sparta.xpath.ParentNodeTest
com.hp.hpl.sparta.xpath.PositionEqualsExpr
com.hp.hpl.sparta.xpath.SimpleStreamTokenizer
com.hp.hpl.sparta.xpath.Step
com.hp.hpl.sparta.xpath.TextCompareExpr
com.hp.hpl.sparta.xpath.TextEqualsExpr
com.hp.hpl.sparta.xpath.TextExistsExpr
com.hp.hpl.sparta.xpath.TextNotEqualsExpr
com.hp.hpl.sparta.xpath.TextTest
com.hp.hpl.sparta.xpath.ThisNodeTest
com.hp.hpl.sparta.xpath.TrueExpr
com.hp.hpl.sparta.xpath.Visitor
com.hp.hpl.sparta.xpath.XPath